<?xml version="1.0" encoding="UTF-8"?>
<coverage generated="1752927517992" clover="3.2.0">
  <project timestamp="1752927517992" name="All files">
    <metrics statements="35" coveredstatements="30" conditionals="15" coveredconditionals="10" methods="14" coveredmethods="10" elements="64" coveredelements="50" complexity="0" loc="35" ncloc="35" packages="1" files="4" classes="4"/>
    <file name="Card.tsx" path="F:\Rs_school\Rss-react\src\components\Card.tsx">
      <metrics statements="2" coveredstatements="2" conditionals="0" coveredconditionals="0" methods="1" coveredmethods="1"/>
      <line num="30" count="5" type="stmt"/>
      <line num="32" count="5" type="stmt"/>
    </file>
    <file name="CardList.tsx" path="F:\Rs_school\Rss-react\src\components\CardList.tsx">
      <metrics statements="5" coveredstatements="5" conditionals="4" coveredconditionals="4" methods="2" coveredmethods="2"/>
      <line num="9" count="1" type="stmt"/>
      <line num="10" count="3" type="cond" truecount="4" falsecount="0"/>
      <line num="11" count="1" type="stmt"/>
      <line num="16" count="2" type="stmt"/>
      <line num="19" count="4" type="stmt"/>
    </file>
    <file name="ErrorBoundary.tsx" path="F:\Rs_school\Rss-react\src\components\ErrorBoundary.tsx">
      <metrics statements="6" coveredstatements="6" conditionals="2" coveredconditionals="2" methods="3" coveredmethods="3"/>
      <line num="8" count="1" type="stmt"/>
      <line num="11" count="1" type="stmt"/>
      <line num="15" count="1" type="stmt"/>
      <line num="19" count="2" type="cond" truecount="2" falsecount="0"/>
      <line num="20" count="1" type="stmt"/>
      <line num="27" count="1" type="stmt"/>
    </file>
    <file name="Search.tsx" path="F:\Rs_school\Rss-react\src\components\Search.tsx">
      <metrics statements="22" coveredstatements="17" conditionals="9" coveredconditionals="4" methods="8" coveredmethods="4"/>
      <line num="15" count="9" type="stmt"/>
      <line num="16" count="9" type="cond" truecount="2" falsecount="0"/>
      <line num="17" count="9" type="stmt"/>
      <line num="24" count="9" type="stmt"/>
      <line num="25" count="5" type="stmt"/>
      <line num="28" count="9" type="stmt"/>
      <line num="29" count="4" type="stmt"/>
      <line num="30" count="4" type="stmt"/>
      <line num="32" count="4" type="cond" truecount="1" falsecount="1"/>
      <line num="33" count="4" type="stmt"/>
      <line num="34" count="4" type="stmt"/>
      <line num="37" count="4" type="stmt"/>
      <line num="40" count="9" type="stmt"/>
      <line num="41" count="0" type="cond" truecount="0" falsecount="2"/>
      <line num="42" count="0" type="stmt"/>
      <line num="46" count="9" type="stmt"/>
      <line num="47" count="0" type="stmt"/>
      <line num="48" count="0" type="stmt"/>
      <line num="52" count="9" type="stmt"/>
      <line num="53" count="0" type="stmt"/>
      <line num="57" count="18" type="stmt"/>
      <line num="59" count="18" type="stmt"/>
    </file>
  </project>
</coverage>
