<?xml version="1.0" encoding="UTF-8"?>
<coverage generated="1752930415145" clover="3.2.0">
  <project timestamp="1752930415145" name="All files">
    <metrics statements="72" coveredstatements="68" conditionals="42" coveredconditionals="31" methods="26" coveredmethods="24" elements="140" coveredelements="123" complexity="0" loc="72" ncloc="72" packages="1" files="6" classes="6"/>
    <file name="Card.tsx" path="F:\Rs_school\Rss-react\src\components\Card.tsx">
      <metrics statements="2" coveredstatements="2" conditionals="0" coveredconditionals="0" methods="1" coveredmethods="1"/>
      <line num="30" count="4" type="stmt"/>
      <line num="32" count="4" type="stmt"/>
    </file>
    <file name="CardList.tsx" path="F:\Rs_school\Rss-react\src\components\CardList.tsx">
      <metrics statements="5" coveredstatements="5" conditionals="4" coveredconditionals="4" methods="2" coveredmethods="2"/>
      <line num="9" count="2" type="stmt"/>
      <line num="10" count="15" type="cond" truecount="4" falsecount="0"/>
      <line num="11" count="9" type="stmt"/>
      <line num="16" count="6" type="stmt"/>
      <line num="19" count="8" type="stmt"/>
    </file>
    <file name="ErrorBoundary.tsx" path="F:\Rs_school\Rss-react\src\components\ErrorBoundary.tsx">
      <metrics statements="6" coveredstatements="6" conditionals="2" coveredconditionals="2" methods="3" coveredmethods="3"/>
      <line num="8" count="10" type="stmt"/>
      <line num="11" count="4" type="stmt"/>
      <line num="15" count="2" type="stmt"/>
      <line num="19" count="28" type="cond" truecount="2" falsecount="0"/>
      <line num="20" count="4" type="stmt"/>
      <line num="27" count="24" type="stmt"/>
    </file>
    <file name="Header.tsx" path="F:\Rs_school\Rss-react\src\components\Header.tsx">
      <metrics statements="1" coveredstatements="1" conditionals="0" coveredconditionals="0" methods="1" coveredmethods="1"/>
      <line num="5" count="2" type="stmt"/>
    </file>
    <file name="Main.tsx" path="F:\Rs_school\Rss-react\src\components\Main.tsx">
      <metrics statements="36" coveredstatements="35" conditionals="27" coveredconditionals="20" methods="11" coveredmethods="11"/>
      <line num="8" count="6" type="stmt"/>
      <line num="15" count="6" type="cond" truecount="2" falsecount="0"/>
      <line num="16" count="6" type="stmt"/>
      <line num="19" count="6" type="stmt"/>
      <line num="20" count="7" type="stmt"/>
      <line num="21" count="7" type="stmt"/>
      <line num="23" count="7" type="stmt"/>
      <line num="25" count="7" type="cond" truecount="2" falsecount="0"/>
      <line num="26" count="5" type="stmt"/>
      <line num="27" count="4" type="cond" truecount="2" falsecount="0"/>
      <line num="28" count="3" type="stmt"/>
      <line num="30" count="3" type="stmt"/>
      <line num="32" count="2" type="stmt"/>
      <line num="33" count="2" type="cond" truecount="1" falsecount="1"/>
      <line num="34" count="0" type="stmt"/>
      <line num="35" count="2" type="stmt"/>
      <line num="36" count="2" type="stmt"/>
      <line num="40" count="2" type="stmt"/>
      <line num="42" count="2" type="stmt"/>
      <line num="43" count="2" type="cond" truecount="1" falsecount="1"/>
      <line num="44" count="1" type="stmt"/>
      <line num="45" count="1" type="stmt"/>
      <line num="46" count="1" type="stmt"/>
      <line num="49" count="4" type="stmt"/>
      <line num="50" count="4" type="stmt"/>
      <line num="52" count="7" type="stmt"/>
      <line num="56" count="6" type="stmt"/>
      <line num="57" count="3" type="cond" truecount="1" falsecount="1"/>
      <line num="59" count="6" type="cond" truecount="1" falsecount="1"/>
      <line num="61" count="9" type="cond" truecount="1" falsecount="1"/>
      <line num="63" count="12" type="cond" truecount="1" falsecount="1"/>
      <line num="65" count="3" type="stmt"/>
      <line num="66" count="3" type="stmt"/>
      <line num="68" count="3" type="stmt"/>
      <line num="81" count="20" type="stmt"/>
      <line num="83" count="20" type="stmt"/>
    </file>
    <file name="Search.tsx" path="F:\Rs_school\Rss-react\src\components\Search.tsx">
      <metrics statements="22" coveredstatements="19" conditionals="9" coveredconditionals="5" methods="8" coveredmethods="6"/>
      <line num="15" count="15" type="stmt"/>
      <line num="16" count="15" type="cond" truecount="2" falsecount="0"/>
      <line num="17" count="15" type="stmt"/>
      <line num="24" count="15" type="stmt"/>
      <line num="25" count="12" type="stmt"/>
      <line num="28" count="15" type="stmt"/>
      <line num="29" count="5" type="stmt"/>
      <line num="30" count="5" type="stmt"/>
      <line num="32" count="5" type="cond" truecount="1" falsecount="1"/>
      <line num="33" count="5" type="stmt"/>
      <line num="34" count="5" type="stmt"/>
      <line num="37" count="5" type="stmt"/>
      <line num="40" count="15" type="stmt"/>
      <line num="41" count="1" type="cond" truecount="1" falsecount="1"/>
      <line num="42" count="0" type="stmt"/>
      <line num="46" count="15" type="stmt"/>
      <line num="47" count="1" type="stmt"/>
      <line num="48" count="0" type="stmt"/>
      <line num="52" count="15" type="stmt"/>
      <line num="53" count="0" type="stmt"/>
      <line num="57" count="45" type="stmt"/>
      <line num="59" count="45" type="stmt"/>
    </file>
  </project>
</coverage>
