{"F:\\Rs_school\\Rss-react\\src\\components\\Card.tsx": {"path":"F:\\Rs_school\\Rss-react\\src\\components\\Card.tsx","statementMap":{"0":{"start":{"line":30,"column":8},"end":{"line":30,"column":18}},"1":{"start":{"line":32,"column":4},"end":{"line":55,"column":6}}},"fnMap":{"0":{"name":"(anonymous_0)","decl":{"start":{"line":20,"column":2},"end":{"line":20,"column":3}},"loc":{"start":{"line":20,"column":11},"end":{"line":56,"column":3}},"line":20}},"branchMap":{},"s":{"0":4,"1":4},"f":{"0":4},"b":{},"_coverageSchema":"1a1c01bbd47fc00a2c39e90264f33305004495a9","hash":"ebc353cc8906b9cb80e0c8689112962371deef9e"}
,"F:\\Rs_school\\Rss-react\\src\\components\\CardList.tsx": {"path":"F:\\Rs_school\\Rss-react\\src\\components\\CardList.tsx","statementMap":{"0":{"start":{"line":9,"column":43},"end":{"line":23,"column":1}},"1":{"start":{"line":10,"column":2},"end":{"line":14,"column":3}},"2":{"start":{"line":11,"column":4},"end":{"line":13,"column":6}},"3":{"start":{"line":16,"column":2},"end":{"line":22,"column":4}},"4":{"start":{"line":19,"column":8},"end":{"line":19,"column":48}}},"fnMap":{"0":{"name":"(anonymous_0)","decl":{"start":{"line":9,"column":43},"end":{"line":9,"column":44}},"loc":{"start":{"line":9,"column":58},"end":{"line":23,"column":1}},"line":9},"1":{"name":"(anonymous_1)","decl":{"start":{"line":18,"column":17},"end":{"line":18,"column":18}},"loc":{"start":{"line":19,"column":8},"end":{"line":19,"column":48}},"line":19}},"branchMap":{"0":{"loc":{"start":{"line":10,"column":2},"end":{"line":14,"column":3}},"type":"if","locations":[{"start":{"line":10,"column":2},"end":{"line":14,"column":3}},{"start":{},"end":{}}],"line":10},"1":{"loc":{"start":{"line":10,"column":6},"end":{"line":10,"column":34}},"type":"binary-expr","locations":[{"start":{"line":10,"column":6},"end":{"line":10,"column":12}},{"start":{"line":10,"column":16},"end":{"line":10,"column":34}}],"line":10}},"s":{"0":2,"1":15,"2":9,"3":6,"4":8},"f":{"0":15,"1":8},"b":{"0":[9,6],"1":[15,13]},"_coverageSchema":"1a1c01bbd47fc00a2c39e90264f33305004495a9","hash":"647dc645af917698ae7a746f279104112bb99d19"}
,"F:\\Rs_school\\Rss-react\\src\\components\\ErrorBoundary.tsx": {"path":"F:\\Rs_school\\Rss-react\\src\\components\\ErrorBoundary.tsx","statementMap":{"0":{"start":{"line":8,"column":17},"end":{"line":8,"column":36}},"1":{"start":{"line":11,"column":4},"end":{"line":11,"column":30}},"2":{"start":{"line":15,"column":4},"end":{"line":15,"column":65}},"3":{"start":{"line":19,"column":4},"end":{"line":25,"column":5}},"4":{"start":{"line":20,"column":6},"end":{"line":24,"column":8}},"5":{"start":{"line":27,"column":4},"end":{"line":27,"column":31}}},"fnMap":{"0":{"name":"(anonymous_0)","decl":{"start":{"line":10,"column":2},"end":{"line":10,"column":3}},"loc":{"start":{"line":10,"column":43},"end":{"line":12,"column":3}},"line":10},"1":{"name":"(anonymous_1)","decl":{"start":{"line":14,"column":2},"end":{"line":14,"column":3}},"loc":{"start":{"line":14,"column":51},"end":{"line":16,"column":3}},"line":14},"2":{"name":"(anonymous_2)","decl":{"start":{"line":18,"column":2},"end":{"line":18,"column":3}},"loc":{"start":{"line":18,"column":11},"end":{"line":28,"column":3}},"line":18}},"branchMap":{"0":{"loc":{"start":{"line":19,"column":4},"end":{"line":25,"column":5}},"type":"if","locations":[{"start":{"line":19,"column":4},"end":{"line":25,"column":5}},{"start":{},"end":{}}],"line":19}},"s":{"0":10,"1":4,"2":2,"3":28,"4":4,"5":24},"f":{"0":4,"1":2,"2":28},"b":{"0":[4,24]},"_coverageSchema":"1a1c01bbd47fc00a2c39e90264f33305004495a9","hash":"58229469e54ccedd3a2e05834ee96a9cdac16000"}
,"F:\\Rs_school\\Rss-react\\src\\components\\Header.tsx": {"path":"F:\\Rs_school\\Rss-react\\src\\components\\Header.tsx","statementMap":{"0":{"start":{"line":5,"column":4},"end":{"line":9,"column":6}}},"fnMap":{"0":{"name":"(anonymous_0)","decl":{"start":{"line":4,"column":2},"end":{"line":4,"column":3}},"loc":{"start":{"line":4,"column":11},"end":{"line":10,"column":3}},"line":4}},"branchMap":{},"s":{"0":2},"f":{"0":2},"b":{},"_coverageSchema":"1a1c01bbd47fc00a2c39e90264f33305004495a9","hash":"06540cc5148e5afa029d4d1a4cc6eafd66678a5d"}
,"F:\\Rs_school\\Rss-react\\src\\components\\Main.tsx": {"path":"F:\\Rs_school\\Rss-react\\src\\components\\Main.tsx","statementMap":{"0":{"start":{"line":8,"column":17},"end":{"line":12,"column":3}},"1":{"start":{"line":15,"column":19},"end":{"line":15,"column":59}},"2":{"start":{"line":16,"column":4},"end":{"line":16,"column":27}},"3":{"start":{"line":19,"column":14},"end":{"line":54,"column":3}},"4":{"start":{"line":20,"column":4},"end":{"line":53,"column":5}},"5":{"start":{"line":21,"column":6},"end":{"line":21,"column":63}},"6":{"start":{"line":23,"column":22},"end":{"line":23,"column":57}},"7":{"start":{"line":25,"column":6},"end":{"line":47,"column":7}},"8":{"start":{"line":26,"column":20},"end":{"line":26,"column":54}},"9":{"start":{"line":27,"column":8},"end":{"line":27,"column":65}},"10":{"start":{"line":27,"column":21},"end":{"line":27,"column":65}},"11":{"start":{"line":28,"column":21},"end":{"line":28,"column":37}},"12":{"start":{"line":30,"column":25},"end":{"line":38,"column":9}},"13":{"start":{"line":32,"column":31},"end":{"line":32,"column":52}},"14":{"start":{"line":33,"column":12},"end":{"line":34,"column":72}},"15":{"start":{"line":34,"column":14},"end":{"line":34,"column":72}},"16":{"start":{"line":35,"column":28},"end":{"line":35,"column":51}},"17":{"start":{"line":36,"column":12},"end":{"line":36,"column":50}},"18":{"start":{"line":40,"column":8},"end":{"line":40,"column":43}},"19":{"start":{"line":42,"column":20},"end":{"line":42,"column":73}},"20":{"start":{"line":43,"column":8},"end":{"line":43,"column":75}},"21":{"start":{"line":43,"column":21},"end":{"line":43,"column":75}},"22":{"start":{"line":44,"column":24},"end":{"line":44,"column":40}},"23":{"start":{"line":45,"column":23},"end":{"line":45,"column":53}},"24":{"start":{"line":46,"column":8},"end":{"line":46,"column":43}},"25":{"start":{"line":49,"column":6},"end":{"line":49,"column":46}},"26":{"start":{"line":50,"column":6},"end":{"line":50,"column":53}},"27":{"start":{"line":52,"column":6},"end":{"line":52,"column":40}},"28":{"start":{"line":56,"column":21},"end":{"line":78,"column":3}},"29":{"start":{"line":57,"column":15},"end":{"line":57,"column":75}},"30":{"start":{"line":57,"column":38},"end":{"line":57,"column":58}},"31":{"start":{"line":59,"column":6},"end":{"line":59,"column":70}},"32":{"start":{"line":59,"column":29},"end":{"line":59,"column":53}},"33":{"start":{"line":61,"column":6},"end":{"line":61,"column":71}},"34":{"start":{"line":61,"column":29},"end":{"line":61,"column":54}},"35":{"start":{"line":63,"column":6},"end":{"line":63,"column":69}},"36":{"start":{"line":63,"column":29},"end":{"line":63,"column":52}},"37":{"start":{"line":65,"column":22},"end":{"line":65,"column":63}},"38":{"start":{"line":65,"column":48},"end":{"line":65,"column":62}},"39":{"start":{"line":66,"column":18},"end":{"line":66,"column":63}},"40":{"start":{"line":66,"column":40},"end":{"line":66,"column":51}},"41":{"start":{"line":68,"column":4},"end":{"line":77,"column":6}},"42":{"start":{"line":81,"column":38},"end":{"line":81,"column":48}},"43":{"start":{"line":83,"column":4},"end":{"line":114,"column":6}}},"fnMap":{"0":{"name":"(anonymous_0)","decl":{"start":{"line":14,"column":2},"end":{"line":14,"column":3}},"loc":{"start":{"line":14,"column":22},"end":{"line":17,"column":3}},"line":14},"1":{"name":"(anonymous_1)","decl":{"start":{"line":19,"column":14},"end":{"line":19,"column":15}},"loc":{"start":{"line":19,"column":44},"end":{"line":54,"column":3}},"line":19},"2":{"name":"(anonymous_2)","decl":{"start":{"line":31,"column":27},"end":{"line":31,"column":28}},"loc":{"start":{"line":31,"column":74},"end":{"line":37,"column":11}},"line":31},"3":{"name":"(anonymous_3)","decl":{"start":{"line":56,"column":21},"end":{"line":56,"column":22}},"loc":{"start":{"line":56,"column":64},"end":{"line":78,"column":3}},"line":56},"4":{"name":"(anonymous_4)","decl":{"start":{"line":57,"column":31},"end":{"line":57,"column":32}},"loc":{"start":{"line":57,"column":38},"end":{"line":57,"column":58}},"line":57},"5":{"name":"(anonymous_5)","decl":{"start":{"line":59,"column":22},"end":{"line":59,"column":23}},"loc":{"start":{"line":59,"column":29},"end":{"line":59,"column":53}},"line":59},"6":{"name":"(anonymous_6)","decl":{"start":{"line":61,"column":22},"end":{"line":61,"column":23}},"loc":{"start":{"line":61,"column":29},"end":{"line":61,"column":54}},"line":61},"7":{"name":"(anonymous_7)","decl":{"start":{"line":63,"column":22},"end":{"line":63,"column":23}},"loc":{"start":{"line":63,"column":29},"end":{"line":63,"column":52}},"line":63},"8":{"name":"(anonymous_8)","decl":{"start":{"line":65,"column":41},"end":{"line":65,"column":42}},"loc":{"start":{"line":65,"column":48},"end":{"line":65,"column":62}},"line":65},"9":{"name":"(anonymous_9)","decl":{"start":{"line":66,"column":33},"end":{"line":66,"column":34}},"loc":{"start":{"line":66,"column":40},"end":{"line":66,"column":51}},"line":66},"10":{"name":"(anonymous_10)","decl":{"start":{"line":80,"column":2},"end":{"line":80,"column":3}},"loc":{"start":{"line":80,"column":11},"end":{"line":115,"column":3}},"line":80}},"branchMap":{"0":{"loc":{"start":{"line":15,"column":19},"end":{"line":15,"column":59}},"type":"binary-expr","locations":[{"start":{"line":15,"column":19},"end":{"line":15,"column":53}},{"start":{"line":15,"column":57},"end":{"line":15,"column":59}}],"line":15},"1":{"loc":{"start":{"line":25,"column":6},"end":{"line":47,"column":7}},"type":"if","locations":[{"start":{"line":25,"column":6},"end":{"line":47,"column":7}},{"start":{"line":41,"column":13},"end":{"line":47,"column":7}}],"line":25},"2":{"loc":{"start":{"line":27,"column":8},"end":{"line":27,"column":65}},"type":"if","locations":[{"start":{"line":27,"column":8},"end":{"line":27,"column":65}},{"start":{},"end":{}}],"line":27},"3":{"loc":{"start":{"line":33,"column":12},"end":{"line":34,"column":72}},"type":"if","locations":[{"start":{"line":33,"column":12},"end":{"line":34,"column":72}},{"start":{},"end":{}}],"line":33},"4":{"loc":{"start":{"line":43,"column":8},"end":{"line":43,"column":75}},"type":"if","locations":[{"start":{"line":43,"column":8},"end":{"line":43,"column":75}},{"start":{},"end":{}}],"line":43},"5":{"loc":{"start":{"line":57,"column":15},"end":{"line":57,"column":75}},"type":"binary-expr","locations":[{"start":{"line":57,"column":15},"end":{"line":57,"column":70}},{"start":{"line":57,"column":74},"end":{"line":57,"column":75}}],"line":57},"6":{"loc":{"start":{"line":59,"column":6},"end":{"line":59,"column":70}},"type":"binary-expr","locations":[{"start":{"line":59,"column":6},"end":{"line":59,"column":65}},{"start":{"line":59,"column":69},"end":{"line":59,"column":70}}],"line":59},"7":{"loc":{"start":{"line":61,"column":6},"end":{"line":61,"column":71}},"type":"binary-expr","locations":[{"start":{"line":61,"column":6},"end":{"line":61,"column":66}},{"start":{"line":61,"column":70},"end":{"line":61,"column":71}}],"line":61},"8":{"loc":{"start":{"line":63,"column":6},"end":{"line":63,"column":69}},"type":"binary-expr","locations":[{"start":{"line":63,"column":6},"end":{"line":63,"column":64}},{"start":{"line":63,"column":68},"end":{"line":63,"column":69}}],"line":63},"9":{"loc":{"start":{"line":71,"column":13},"end":{"line":71,"column":45}},"type":"binary-expr","locations":[{"start":{"line":71,"column":13},"end":{"line":71,"column":39}},{"start":{"line":71,"column":43},"end":{"line":71,"column":45}}],"line":71},"10":{"loc":{"start":{"line":86,"column":9},"end":{"line":110,"column":9}},"type":"binary-expr","locations":[{"start":{"line":86,"column":9},"end":{"line":86,"column":16}},{"start":{"line":87,"column":10},"end":{"line":109,"column":16}}],"line":86},"11":{"loc":{"start":{"line":111,"column":9},"end":{"line":111,"column":78}},"type":"binary-expr","locations":[{"start":{"line":111,"column":9},"end":{"line":111,"column":14}},{"start":{"line":111,"column":18},"end":{"line":111,"column":78}}],"line":111},"12":{"loc":{"start":{"line":112,"column":9},"end":{"line":112,"column":57}},"type":"binary-expr","locations":[{"start":{"line":112,"column":9},"end":{"line":112,"column":17}},{"start":{"line":112,"column":21},"end":{"line":112,"column":27}},{"start":{"line":112,"column":31},"end":{"line":112,"column":57}}],"line":112}},"s":{"0":6,"1":6,"2":6,"3":6,"4":7,"5":7,"6":7,"7":7,"8":5,"9":4,"10":1,"11":3,"12":3,"13":2,"14":2,"15":0,"16":2,"17":2,"18":2,"19":2,"20":2,"21":0,"22":1,"23":1,"24":1,"25":4,"26":4,"27":7,"28":6,"29":3,"30":3,"31":3,"32":6,"33":3,"34":9,"35":3,"36":12,"37":3,"38":3,"39":3,"40":3,"41":3,"42":20,"43":20},"f":{"0":6,"1":7,"2":2,"3":3,"4":3,"5":6,"6":9,"7":12,"8":3,"9":3,"10":20},"b":{"0":[6,5],"1":[5,2],"2":[1,3],"3":[0,2],"4":[0,1],"5":[3,0],"6":[3,0],"7":[3,0],"8":[3,0],"9":[3,0],"10":[20,7],"11":[20,4],"12":[20,13,9]},"_coverageSchema":"1a1c01bbd47fc00a2c39e90264f33305004495a9","hash":"6b014e5683c07eb27a7572253b6cf32ca3f1ba6d"}
,"F:\\Rs_school\\Rss-react\\src\\components\\Search.tsx": {"path":"F:\\Rs_school\\Rss-react\\src\\components\\Search.tsx","statementMap":{"0":{"start":{"line":15,"column":4},"end":{"line":15,"column":17}},"1":{"start":{"line":16,"column":19},"end":{"line":16,"column":59}},"2":{"start":{"line":17,"column":4},"end":{"line":21,"column":6}},"3":{"start":{"line":24,"column":22},"end":{"line":26,"column":3}},"4":{"start":{"line":25,"column":4},"end":{"line":25,"column":50}},"5":{"start":{"line":28,"column":22},"end":{"line":38,"column":3}},"6":{"start":{"line":29,"column":20},"end":{"line":29,"column":48}},"7":{"start":{"line":30,"column":4},"end":{"line":30,"column":33}},"8":{"start":{"line":32,"column":4},"end":{"line":35,"column":5}},"9":{"start":{"line":33,"column":6},"end":{"line":33,"column":50}},"10":{"start":{"line":34,"column":6},"end":{"line":34,"column":45}},"11":{"start":{"line":37,"column":4},"end":{"line":37,"column":43}},"12":{"start":{"line":40,"column":16},"end":{"line":44,"column":3}},"13":{"start":{"line":41,"column":4},"end":{"line":43,"column":5}},"14":{"start":{"line":42,"column":6},"end":{"line":42,"column":44}},"15":{"start":{"line":46,"column":15},"end":{"line":50,"column":3}},"16":{"start":{"line":47,"column":4},"end":{"line":49,"column":12}},"17":{"start":{"line":48,"column":6},"end":{"line":48,"column":45}},"18":{"start":{"line":52,"column":23},"end":{"line":54,"column":3}},"19":{"start":{"line":53,"column":4},"end":{"line":53,"column":78}},"20":{"start":{"line":57,"column":53},"end":{"line":57,"column":63}},"21":{"start":{"line":59,"column":4},"end":{"line":88,"column":6}}},"fnMap":{"0":{"name":"(anonymous_0)","decl":{"start":{"line":14,"column":2},"end":{"line":14,"column":3}},"loc":{"start":{"line":14,"column":28},"end":{"line":22,"column":3}},"line":14},"1":{"name":"(anonymous_1)","decl":{"start":{"line":24,"column":22},"end":{"line":24,"column":23}},"loc":{"start":{"line":24,"column":66},"end":{"line":26,"column":3}},"line":24},"2":{"name":"(anonymous_2)","decl":{"start":{"line":28,"column":22},"end":{"line":28,"column":23}},"loc":{"start":{"line":28,"column":28},"end":{"line":38,"column":3}},"line":28},"3":{"name":"(anonymous_3)","decl":{"start":{"line":40,"column":16},"end":{"line":40,"column":17}},"loc":{"start":{"line":40,"column":22},"end":{"line":44,"column":3}},"line":40},"4":{"name":"(anonymous_4)","decl":{"start":{"line":46,"column":15},"end":{"line":46,"column":16}},"loc":{"start":{"line":46,"column":21},"end":{"line":50,"column":3}},"line":46},"5":{"name":"(anonymous_5)","decl":{"start":{"line":47,"column":15},"end":{"line":47,"column":16}},"loc":{"start":{"line":47,"column":21},"end":{"line":49,"column":5}},"line":47},"6":{"name":"(anonymous_6)","decl":{"start":{"line":52,"column":23},"end":{"line":52,"column":24}},"loc":{"start":{"line":52,"column":29},"end":{"line":54,"column":3}},"line":52},"7":{"name":"(anonymous_7)","decl":{"start":{"line":56,"column":2},"end":{"line":56,"column":3}},"loc":{"start":{"line":56,"column":11},"end":{"line":89,"column":3}},"line":56}},"branchMap":{"0":{"loc":{"start":{"line":16,"column":19},"end":{"line":16,"column":59}},"type":"binary-expr","locations":[{"start":{"line":16,"column":19},"end":{"line":16,"column":53}},{"start":{"line":16,"column":57},"end":{"line":16,"column":59}}],"line":16},"1":{"loc":{"start":{"line":32,"column":4},"end":{"line":35,"column":5}},"type":"if","locations":[{"start":{"line":32,"column":4},"end":{"line":35,"column":5}},{"start":{},"end":{}}],"line":32},"2":{"loc":{"start":{"line":41,"column":4},"end":{"line":43,"column":5}},"type":"if","locations":[{"start":{"line":41,"column":4},"end":{"line":43,"column":5}},{"start":{},"end":{}}],"line":41},"3":{"loc":{"start":{"line":79,"column":9},"end":{"line":86,"column":9}},"type":"binary-expr","locations":[{"start":{"line":79,"column":9},"end":{"line":79,"column":21}},{"start":{"line":79,"column":25},"end":{"line":79,"column":35}},{"start":{"line":80,"column":10},"end":{"line":85,"column":16}}],"line":79}},"s":{"0":15,"1":15,"2":15,"3":15,"4":12,"5":15,"6":5,"7":5,"8":5,"9":5,"10":5,"11":5,"12":15,"13":1,"14":0,"15":15,"16":1,"17":0,"18":15,"19":0,"20":45,"21":45},"f":{"0":15,"1":12,"2":5,"3":1,"4":1,"5":0,"6":0,"7":45},"b":{"0":[15,11],"1":[5,0],"2":[0,1],"3":[45,0,0]},"_coverageSchema":"1a1c01bbd47fc00a2c39e90264f33305004495a9","hash":"a0d0fcbf6f0b828f2f441dcb00be42406a37825e"}
}
