{"F:\\Rs_school\\Rss-react\\src\\components\\Card.tsx": {"path":"F:\\Rs_school\\Rss-react\\src\\components\\Card.tsx","statementMap":{"0":{"start":{"line":30,"column":8},"end":{"line":30,"column":18}},"1":{"start":{"line":32,"column":4},"end":{"line":55,"column":6}}},"fnMap":{"0":{"name":"(anonymous_0)","decl":{"start":{"line":20,"column":2},"end":{"line":20,"column":3}},"loc":{"start":{"line":20,"column":11},"end":{"line":56,"column":3}},"line":20}},"branchMap":{},"s":{"0":5,"1":5},"f":{"0":5},"b":{},"_coverageSchema":"1a1c01bbd47fc00a2c39e90264f33305004495a9","hash":"ebc353cc8906b9cb80e0c8689112962371deef9e"}
,"F:\\Rs_school\\Rss-react\\src\\components\\CardList.tsx": {"path":"F:\\Rs_school\\Rss-react\\src\\components\\CardList.tsx","statementMap":{"0":{"start":{"line":9,"column":43},"end":{"line":23,"column":1}},"1":{"start":{"line":10,"column":2},"end":{"line":14,"column":3}},"2":{"start":{"line":11,"column":4},"end":{"line":13,"column":6}},"3":{"start":{"line":16,"column":2},"end":{"line":22,"column":4}},"4":{"start":{"line":19,"column":8},"end":{"line":19,"column":48}}},"fnMap":{"0":{"name":"(anonymous_0)","decl":{"start":{"line":9,"column":43},"end":{"line":9,"column":44}},"loc":{"start":{"line":9,"column":58},"end":{"line":23,"column":1}},"line":9},"1":{"name":"(anonymous_1)","decl":{"start":{"line":18,"column":17},"end":{"line":18,"column":18}},"loc":{"start":{"line":19,"column":8},"end":{"line":19,"column":48}},"line":19}},"branchMap":{"0":{"loc":{"start":{"line":10,"column":2},"end":{"line":14,"column":3}},"type":"if","locations":[{"start":{"line":10,"column":2},"end":{"line":14,"column":3}},{"start":{},"end":{}}],"line":10},"1":{"loc":{"start":{"line":10,"column":6},"end":{"line":10,"column":34}},"type":"binary-expr","locations":[{"start":{"line":10,"column":6},"end":{"line":10,"column":12}},{"start":{"line":10,"column":16},"end":{"line":10,"column":34}}],"line":10}},"s":{"0":1,"1":3,"2":1,"3":2,"4":4},"f":{"0":3,"1":4},"b":{"0":[1,2],"1":[3,2]},"_coverageSchema":"1a1c01bbd47fc00a2c39e90264f33305004495a9","hash":"647dc645af917698ae7a746f279104112bb99d19"}
,"F:\\Rs_school\\Rss-react\\src\\components\\ErrorBoundary.tsx": {"path":"F:\\Rs_school\\Rss-react\\src\\components\\ErrorBoundary.tsx","statementMap":{"0":{"start":{"line":8,"column":17},"end":{"line":8,"column":36}},"1":{"start":{"line":11,"column":4},"end":{"line":11,"column":30}},"2":{"start":{"line":15,"column":4},"end":{"line":15,"column":65}},"3":{"start":{"line":19,"column":4},"end":{"line":25,"column":5}},"4":{"start":{"line":20,"column":6},"end":{"line":24,"column":8}},"5":{"start":{"line":27,"column":4},"end":{"line":27,"column":31}}},"fnMap":{"0":{"name":"(anonymous_0)","decl":{"start":{"line":10,"column":2},"end":{"line":10,"column":3}},"loc":{"start":{"line":10,"column":43},"end":{"line":12,"column":3}},"line":10},"1":{"name":"(anonymous_1)","decl":{"start":{"line":14,"column":2},"end":{"line":14,"column":3}},"loc":{"start":{"line":14,"column":51},"end":{"line":16,"column":3}},"line":14},"2":{"name":"(anonymous_2)","decl":{"start":{"line":18,"column":2},"end":{"line":18,"column":3}},"loc":{"start":{"line":18,"column":11},"end":{"line":28,"column":3}},"line":18}},"branchMap":{"0":{"loc":{"start":{"line":19,"column":4},"end":{"line":25,"column":5}},"type":"if","locations":[{"start":{"line":19,"column":4},"end":{"line":25,"column":5}},{"start":{},"end":{}}],"line":19}},"s":{"0":1,"1":1,"2":1,"3":2,"4":1,"5":1},"f":{"0":1,"1":1,"2":2},"b":{"0":[1,1]},"_coverageSchema":"1a1c01bbd47fc00a2c39e90264f33305004495a9","hash":"58229469e54ccedd3a2e05834ee96a9cdac16000"}
,"F:\\Rs_school\\Rss-react\\src\\components\\Search.tsx": {"path":"F:\\Rs_school\\Rss-react\\src\\components\\Search.tsx","statementMap":{"0":{"start":{"line":15,"column":4},"end":{"line":15,"column":17}},"1":{"start":{"line":16,"column":19},"end":{"line":16,"column":59}},"2":{"start":{"line":17,"column":4},"end":{"line":21,"column":6}},"3":{"start":{"line":24,"column":22},"end":{"line":26,"column":3}},"4":{"start":{"line":25,"column":4},"end":{"line":25,"column":50}},"5":{"start":{"line":28,"column":22},"end":{"line":38,"column":3}},"6":{"start":{"line":29,"column":20},"end":{"line":29,"column":48}},"7":{"start":{"line":30,"column":4},"end":{"line":30,"column":33}},"8":{"start":{"line":32,"column":4},"end":{"line":35,"column":5}},"9":{"start":{"line":33,"column":6},"end":{"line":33,"column":50}},"10":{"start":{"line":34,"column":6},"end":{"line":34,"column":45}},"11":{"start":{"line":37,"column":4},"end":{"line":37,"column":43}},"12":{"start":{"line":40,"column":16},"end":{"line":44,"column":3}},"13":{"start":{"line":41,"column":4},"end":{"line":43,"column":5}},"14":{"start":{"line":42,"column":6},"end":{"line":42,"column":44}},"15":{"start":{"line":46,"column":15},"end":{"line":50,"column":3}},"16":{"start":{"line":47,"column":4},"end":{"line":49,"column":12}},"17":{"start":{"line":48,"column":6},"end":{"line":48,"column":45}},"18":{"start":{"line":52,"column":23},"end":{"line":54,"column":3}},"19":{"start":{"line":53,"column":4},"end":{"line":53,"column":78}},"20":{"start":{"line":57,"column":53},"end":{"line":57,"column":63}},"21":{"start":{"line":59,"column":4},"end":{"line":88,"column":6}}},"fnMap":{"0":{"name":"(anonymous_0)","decl":{"start":{"line":14,"column":2},"end":{"line":14,"column":3}},"loc":{"start":{"line":14,"column":28},"end":{"line":22,"column":3}},"line":14},"1":{"name":"(anonymous_1)","decl":{"start":{"line":24,"column":22},"end":{"line":24,"column":23}},"loc":{"start":{"line":24,"column":66},"end":{"line":26,"column":3}},"line":24},"2":{"name":"(anonymous_2)","decl":{"start":{"line":28,"column":22},"end":{"line":28,"column":23}},"loc":{"start":{"line":28,"column":28},"end":{"line":38,"column":3}},"line":28},"3":{"name":"(anonymous_3)","decl":{"start":{"line":40,"column":16},"end":{"line":40,"column":17}},"loc":{"start":{"line":40,"column":22},"end":{"line":44,"column":3}},"line":40},"4":{"name":"(anonymous_4)","decl":{"start":{"line":46,"column":15},"end":{"line":46,"column":16}},"loc":{"start":{"line":46,"column":21},"end":{"line":50,"column":3}},"line":46},"5":{"name":"(anonymous_5)","decl":{"start":{"line":47,"column":15},"end":{"line":47,"column":16}},"loc":{"start":{"line":47,"column":21},"end":{"line":49,"column":5}},"line":47},"6":{"name":"(anonymous_6)","decl":{"start":{"line":52,"column":23},"end":{"line":52,"column":24}},"loc":{"start":{"line":52,"column":29},"end":{"line":54,"column":3}},"line":52},"7":{"name":"(anonymous_7)","decl":{"start":{"line":56,"column":2},"end":{"line":56,"column":3}},"loc":{"start":{"line":56,"column":11},"end":{"line":89,"column":3}},"line":56}},"branchMap":{"0":{"loc":{"start":{"line":16,"column":19},"end":{"line":16,"column":59}},"type":"binary-expr","locations":[{"start":{"line":16,"column":19},"end":{"line":16,"column":53}},{"start":{"line":16,"column":57},"end":{"line":16,"column":59}}],"line":16},"1":{"loc":{"start":{"line":32,"column":4},"end":{"line":35,"column":5}},"type":"if","locations":[{"start":{"line":32,"column":4},"end":{"line":35,"column":5}},{"start":{},"end":{}}],"line":32},"2":{"loc":{"start":{"line":41,"column":4},"end":{"line":43,"column":5}},"type":"if","locations":[{"start":{"line":41,"column":4},"end":{"line":43,"column":5}},{"start":{},"end":{}}],"line":41},"3":{"loc":{"start":{"line":79,"column":9},"end":{"line":86,"column":9}},"type":"binary-expr","locations":[{"start":{"line":79,"column":9},"end":{"line":79,"column":21}},{"start":{"line":79,"column":25},"end":{"line":79,"column":35}},{"start":{"line":80,"column":10},"end":{"line":85,"column":16}}],"line":79}},"s":{"0":9,"1":9,"2":9,"3":9,"4":5,"5":9,"6":4,"7":4,"8":4,"9":4,"10":4,"11":4,"12":9,"13":0,"14":0,"15":9,"16":0,"17":0,"18":9,"19":0,"20":18,"21":18},"f":{"0":9,"1":5,"2":4,"3":0,"4":0,"5":0,"6":0,"7":18},"b":{"0":[9,6],"1":[4,0],"2":[0,0],"3":[18,0,0]},"_coverageSchema":"1a1c01bbd47fc00a2c39e90264f33305004495a9","hash":"a0d0fcbf6f0b828f2f441dcb00be42406a37825e"}
}
