TN:
SF:src\components\Card.tsx
FN:20,(anonymous_0)
FNF:1
FNH:1
FNDA:5,(anonymous_0)
DA:30,5
DA:32,5
LF:2
LH:2
BRF:0
BRH:0
end_of_record
TN:
SF:src\components\CardList.tsx
FN:9,(anonymous_0)
FN:18,(anonymous_1)
FNF:2
FNH:2
FNDA:3,(anonymous_0)
FNDA:4,(anonymous_1)
DA:9,1
DA:10,3
DA:11,1
DA:16,2
DA:19,4
LF:5
LH:5
BRDA:10,0,0,1
BRDA:10,0,1,2
BRDA:10,1,0,3
BRDA:10,1,1,2
BRF:4
BRH:4
end_of_record
TN:
SF:src\components\ErrorBoundary.tsx
FN:10,(anonymous_0)
FN:14,(anonymous_1)
FN:18,(anonymous_2)
FNF:3
FNH:3
FNDA:1,(anonymous_0)
FNDA:1,(anonymous_1)
FNDA:2,(anonymous_2)
DA:8,1
DA:11,1
DA:15,1
DA:19,2
DA:20,1
DA:27,1
LF:6
LH:6
BRDA:19,0,0,1
BRDA:19,0,1,1
BRF:2
BRH:2
end_of_record
TN:
SF:src\components\Search.tsx
FN:14,(anonymous_0)
FN:24,(anonymous_1)
FN:28,(anonymous_2)
FN:40,(anonymous_3)
FN:46,(anonymous_4)
FN:47,(anonymous_5)
FN:52,(anonymous_6)
FN:56,(anonymous_7)
FNF:8
FNH:4
FNDA:9,(anonymous_0)
FNDA:5,(anonymous_1)
FNDA:4,(anonymous_2)
FNDA:0,(anonymous_3)
FNDA:0,(anonymous_4)
FNDA:0,(anonymous_5)
FNDA:0,(anonymous_6)
FNDA:18,(anonymous_7)
DA:15,9
DA:16,9
DA:17,9
DA:24,9
DA:25,5
DA:28,9
DA:29,4
DA:30,4
DA:32,4
DA:33,4
DA:34,4
DA:37,4
DA:40,9
DA:41,0
DA:42,0
DA:46,9
DA:47,0
DA:48,0
DA:52,9
DA:53,0
DA:57,18
DA:59,18
LF:22
LH:17
BRDA:16,0,0,9
BRDA:16,0,1,6
BRDA:32,1,0,4
BRDA:32,1,1,0
BRDA:41,2,0,0
BRDA:41,2,1,0
BRDA:79,3,0,18
BRDA:79,3,1,0
BRDA:79,3,2,0
BRF:9
BRH:4
end_of_record
