TN:
SF:src\components\Card.tsx
FN:20,(anonymous_0)
FNF:1
FNH:1
FNDA:4,(anonymous_0)
DA:30,4
DA:32,4
LF:2
LH:2
BRF:0
BRH:0
end_of_record
TN:
SF:src\components\CardList.tsx
FN:9,(anonymous_0)
FN:18,(anonymous_1)
FNF:2
FNH:2
FNDA:15,(anonymous_0)
FNDA:8,(anonymous_1)
DA:9,2
DA:10,15
DA:11,9
DA:16,6
DA:19,8
LF:5
LH:5
BRDA:10,0,0,9
BRDA:10,0,1,6
BRDA:10,1,0,15
BRDA:10,1,1,13
BRF:4
BRH:4
end_of_record
TN:
SF:src\components\ErrorBoundary.tsx
FN:10,(anonymous_0)
FN:14,(anonymous_1)
FN:18,(anonymous_2)
FNF:3
FNH:3
FNDA:4,(anonymous_0)
FNDA:2,(anonymous_1)
FNDA:28,(anonymous_2)
DA:8,10
DA:11,4
DA:15,2
DA:19,28
DA:20,4
DA:27,24
LF:6
LH:6
BRDA:19,0,0,4
BRDA:19,0,1,24
BRF:2
BRH:2
end_of_record
TN:
SF:src\components\Header.tsx
FN:4,(anonymous_0)
FNF:1
FNH:1
FNDA:2,(anonymous_0)
DA:5,2
LF:1
LH:1
BRF:0
BRH:0
end_of_record
TN:
SF:src\components\Main.tsx
FN:14,(anonymous_0)
FN:19,(anonymous_1)
FN:31,(anonymous_2)
FN:56,(anonymous_3)
FN:57,(anonymous_4)
FN:59,(anonymous_5)
FN:61,(anonymous_6)
FN:63,(anonymous_7)
FN:65,(anonymous_8)
FN:66,(anonymous_9)
FN:80,(anonymous_10)
FNF:11
FNH:11
FNDA:6,(anonymous_0)
FNDA:7,(anonymous_1)
FNDA:2,(anonymous_2)
FNDA:3,(anonymous_3)
FNDA:3,(anonymous_4)
FNDA:6,(anonymous_5)
FNDA:9,(anonymous_6)
FNDA:12,(anonymous_7)
FNDA:3,(anonymous_8)
FNDA:3,(anonymous_9)
FNDA:20,(anonymous_10)
DA:8,6
DA:15,6
DA:16,6
DA:19,6
DA:20,7
DA:21,7
DA:23,7
DA:25,7
DA:26,5
DA:27,4
DA:28,3
DA:30,3
DA:32,2
DA:33,2
DA:34,0
DA:35,2
DA:36,2
DA:40,2
DA:42,2
DA:43,2
DA:44,1
DA:45,1
DA:46,1
DA:49,4
DA:50,4
DA:52,7
DA:56,6
DA:57,3
DA:59,6
DA:61,9
DA:63,12
DA:65,3
DA:66,3
DA:68,3
DA:81,20
DA:83,20
LF:36
LH:35
BRDA:15,0,0,6
BRDA:15,0,1,5
BRDA:25,1,0,5
BRDA:25,1,1,2
BRDA:27,2,0,1
BRDA:27,2,1,3
BRDA:33,3,0,0
BRDA:33,3,1,2
BRDA:43,4,0,0
BRDA:43,4,1,1
BRDA:57,5,0,3
BRDA:57,5,1,0
BRDA:59,6,0,3
BRDA:59,6,1,0
BRDA:61,7,0,3
BRDA:61,7,1,0
BRDA:63,8,0,3
BRDA:63,8,1,0
BRDA:71,9,0,3
BRDA:71,9,1,0
BRDA:86,10,0,20
BRDA:86,10,1,7
BRDA:111,11,0,20
BRDA:111,11,1,4
BRDA:112,12,0,20
BRDA:112,12,1,13
BRDA:112,12,2,9
BRF:27
BRH:20
end_of_record
TN:
SF:src\components\Search.tsx
FN:14,(anonymous_0)
FN:24,(anonymous_1)
FN:28,(anonymous_2)
FN:40,(anonymous_3)
FN:46,(anonymous_4)
FN:47,(anonymous_5)
FN:52,(anonymous_6)
FN:56,(anonymous_7)
FNF:8
FNH:6
FNDA:15,(anonymous_0)
FNDA:12,(anonymous_1)
FNDA:5,(anonymous_2)
FNDA:1,(anonymous_3)
FNDA:1,(anonymous_4)
FNDA:0,(anonymous_5)
FNDA:0,(anonymous_6)
FNDA:45,(anonymous_7)
DA:15,15
DA:16,15
DA:17,15
DA:24,15
DA:25,12
DA:28,15
DA:29,5
DA:30,5
DA:32,5
DA:33,5
DA:34,5
DA:37,5
DA:40,15
DA:41,1
DA:42,0
DA:46,15
DA:47,1
DA:48,0
DA:52,15
DA:53,0
DA:57,45
DA:59,45
LF:22
LH:19
BRDA:16,0,0,15
BRDA:16,0,1,11
BRDA:32,1,0,5
BRDA:32,1,1,0
BRDA:41,2,0,0
BRDA:41,2,1,1
BRDA:79,3,0,45
BRDA:79,3,1,0
BRDA:79,3,2,0
BRF:9
BRH:5
end_of_record
